#
# There is insufficient memory for the Java Runtime Environment to continue.
# Native memory allocation (mmap) failed to map 65536 bytes for committing reserved memory.
# Possible reasons:
#   The system is out of physical RAM or swap space
#   The process is running with CompressedOops enabled, and the Java Heap may be blocking the growth of the native heap
# Possible solutions:
#   Reduce memory load on the system
#   Increase physical memory or swap space
#   Check if swap backing store is full
#   Decrease Java heap size (-Xmx/-Xms)
#   Decrease number of Java threads
#   Decrease Java thread stack sizes (-Xss)
#   Set larger code cache with -XX:ReservedCodeCacheSize=
#   JVM is running with Unscaled Compressed Oops mode in which the Java heap is
#     placed in the first 4GB address space. The Java Heap base address is the
#     maximum limit for the native heap growth. Please use -XX:HeapBaseMinAddress
#     to set the Java Heap base and to place the Java Heap above 4GB virtual address.
# This output file may be truncated or incomplete.
#
#  Out of Memory Error (os_linux.cpp:2647), pid=15794, tid=15815
#
# JRE version: Java(TM) SE Runtime Environment (9.0+11) (build 9.0.1+11)
# Java VM: Java HotSpot(TM) 64-Bit Server VM (9.0.1+11, mixed mode, tiered, compressed oops, g1 gc, linux-amd64)
# Core dump will be written. Default location: Core dumps may be processed with "/usr/share/apport/apport %p %s %c %P" (or dumping to /root/eclipse-workspace/tq/core.15794)
#

---------------  S U M M A R Y ------------

Command Line: -agentlib:jdwp=transport=dt_socket,suspend=y,address=localhost:35335 -Dfile.encoding=UTF-8 tq.Main

Host: Intel(R) Core(TM) i5-7300HQ CPU @ 2.50GHz, 2 cores, 3G, Ubuntu 16.04.3 LTS
Time: Fri Nov 17 00:42:31 2017 CST elapsed time: 3143 seconds (0d 0h 52m 23s)

---------------  T H R E A D  ---------------

Current thread (0x00007fec6012d800):  JavaThread "C2 CompilerThread0" daemon [_thread_in_vm, id=15815, stack(0x00007fec2673a000,0x00007fec2683b000)]


Current CompileTask:
C2:3143726 4276 %     4       java.math.MutableBigInteger::mulsub @ 24 (110 bytes)

Stack: [0x00007fec2673a000,0x00007fec2683b000],  sp=0x00007fec26837d60,  free space=1015k
Native frames: (J=compiled Java code, A=aot compiled Java code, j=interpreted, Vv=VM code, C=native code)
V  [libjvm.so+0xd4c1e2]  VMError::report_and_die(int, char const*, char const*, __va_list_tag*, Thread*, unsigned char*, void*, void*, char const*, int, unsigned long)+0x162
V  [libjvm.so+0xd4ce4b]  VMError::report_and_die(Thread*, char const*, int, unsigned long, VMErrorType, char const*, __va_list_tag*)+0x2b
V  [libjvm.so+0x6548f8]  report_vm_out_of_memory(char const*, int, unsigned long, VMErrorType, char const*, ...)+0xd8
V  [libjvm.so+0xb67e02]  os::pd_commit_memory(char*, unsigned long, unsigned long, bool)+0xf2
V  [libjvm.so+0xb622af]  os::commit_memory(char*, unsigned long, unsigned long, bool)+0x1f
V  [libjvm.so+0xd45b23]  VirtualSpace::expand_by(unsigned long, bool)+0x1c3
V  [libjvm.so+0x7deff5]  CodeHeap::expand_by(unsigned long)+0x95
V  [libjvm.so+0x5d7962]  CodeCache::allocate(int, int, int)+0xa2
V  [libjvm.so+0xb38b1b]  nmethod::new_nmethod(methodHandle const&, int, int, CodeOffsets*, int, DebugInformationRecorder*, Dependencies*, CodeBuffer*, int, OopMapSet*, ExceptionHandlerTable*, ImplicitExceptionTable*, AbstractCompiler*, int, Handle, Handle)+0x13b
V  [libjvm.so+0x55dda7]  ciEnv::register_method(ciMethod*, int, CodeOffsets*, int, CodeBuffer*, int, OopMapSet*, ExceptionHandlerTable*, ImplicitExceptionTable*, AbstractCompiler*, bool, bool, RTMState)+0x347
V  [libjvm.so+0x60a6e5]  Compile::Compile(ciEnv*, C2Compiler*, ciMethod*, int, bool, bool, bool, DirectiveSet*)+0x1195
V  [libjvm.so+0x534b72]  C2Compiler::compile_method(ciEnv*, ciMethod*, int, DirectiveSet*)+0x1d2
V  [libjvm.so+0x6125ac]  CompileBroker::invoke_compiler_on_method(CompileTask*)+0x41c
V  [libjvm.so+0x61344b]  CompileBroker::compiler_thread_loop()+0x28b
V  [libjvm.so+0xceee58]  JavaThread::thread_main_inner()+0xd8
V  [libjvm.so+0xb6de12]  thread_native_entry(Thread*)+0xf2
C  [libpthread.so.0+0x76ba]  start_thread+0xca


---------------  P R O C E S S  ---------------

Java Threads: ( => current thread )
  0x00007fec60172000 JavaThread "Abandoned connection cleanup thread" daemon [_thread_blocked, id=15834, stack(0x00007fec2498b000,0x00007fec24a8c000)]
  0x00007fec601ef000 JavaThread "Service Thread" daemon [_thread_blocked, id=15827, stack(0x00007fec25a07000,0x00007fec25b08000)]
  0x00007fec08001000 JavaThread "JDWP Command Reader" daemon [_thread_in_native, id=15824, stack(0x00007fec25b08000,0x00007fec25c09000)]
  0x00007fec601ed000 JavaThread "JDWP Event Helper Thread" daemon [_thread_blocked, id=15823, stack(0x00007fec25c09000,0x00007fec25d0a000)]
  0x00007fec601e9800 JavaThread "JDWP Transport Listener: dt_socket" daemon [_thread_blocked, id=15820, stack(0x00007fec25d0a000,0x00007fec25e0b000)]
  0x00007fec60146000 JavaThread "Common-Cleaner" daemon [_thread_blocked, id=15818, stack(0x00007fec2600f000,0x00007fec26110000)]
  0x00007fec60131800 JavaThread "Sweeper thread" daemon [_thread_blocked, id=15817, stack(0x00007fec26538000,0x00007fec26639000)]
  0x00007fec6012f800 JavaThread "C1 CompilerThread1" daemon [_thread_blocked, id=15816, stack(0x00007fec26639000,0x00007fec2673a000)]
=>0x00007fec6012d800 JavaThread "C2 CompilerThread0" daemon [_thread_in_vm, id=15815, stack(0x00007fec2673a000,0x00007fec2683b000)]
  0x00007fec6012b800 JavaThread "Signal Dispatcher" daemon [_thread_blocked, id=15814, stack(0x00007fec2683b000,0x00007fec2693c000)]
  0x00007fec60110800 JavaThread "Finalizer" daemon [_thread_blocked, id=15812, stack(0x00007fec272fb000,0x00007fec273fc000)]
  0x00007fec60108800 JavaThread "Reference Handler" daemon [_thread_blocked, id=15811, stack(0x00007fec273fc000,0x00007fec274fd000)]
  0x00007fec60014000 JavaThread "main" [_thread_in_native, id=15802, stack(0x00007fec66e9b000,0x00007fec66f9b000)]

Other Threads:
  0x00007fec600fe800 VMThread "VM Thread" [stack: 0x00007fec274fe000,0x00007fec275fe000] [id=15810]
  0x00007fec601f2000 WatcherThread [stack: 0x00007fec25907000,0x00007fec25a07000] [id=15828]
  0x00007fec6002b000 GCTaskThread "GC Thread#0" [stack: 0x00007fec44dfc000,0x00007fec44efc000] [id=15803]
  0x00007fec6002c800 GCTaskThread "GC Thread#1" [stack: 0x00007fec44cfb000,0x00007fec44dfb000] [id=15804]
  0x00007fec60065000 ConcurrentGCThread "G1 Main Marker" [stack: 0x00007fec2e200000,0x00007fec2e300000] [id=15808]
  0x00007fec60067000 ConcurrentGCThread "G1 Marker#0" [stack: 0x00007fec2e0ff000,0x00007fec2e1ff000] [id=15809]
  0x00007fec60030800 ConcurrentGCThread "G1 Refine#0" [stack: 0x00007fec448f7000,0x00007fec449f7000] [id=15806]
  0x00007fec6002e800 ConcurrentGCThread "G1 Refine#1" [stack: 0x00007fec449f8000,0x00007fec44af8000] [id=15805]
  0x00007fec60032000 ConcurrentGCThread "G1 Young RemSet Sampling" [stack: 0x00007fec447f6000,0x00007fec448f6000] [id=15807]

Threads with active compile tasks:
C2 CompilerThread04276 %     4       java.math.MutableBigInteger::mulsub @ 24 (110 bytes)

VM state:not at safepoint (normal execution)

VM Mutex/Monitor currently owned by a thread:  ([mutex/lock_event])
[0x00007fec6000f5a0] CodeCache_lock - owner thread: 0x00007fec6012d800
[0x00007fec60010dd0] Compile_lock - owner thread: 0x00007fec6012d800
[0x00007fec60010f80] MethodCompileQueue_lock - owner thread: 0x00007fec6012d800

Heap address: 0x00000000c6000000, size: 928 MB, Compressed Oops mode: 32-bit
Narrow klass base: 0x0000000000000000, Narrow klass shift: 3
Compressed class space size: 1073741824 Address: 0x0000000100000000

Heap:
 garbage-first heap   total 59392K, used 21944K [0x00000000c6000000, 0x00000000c61001d0, 0x0000000100000000)
  region size 1024K, 4 young (4096K), 1 survivors (1024K)
 Metaspace       used 20963K, capacity 21528K, committed 21760K, reserved 1069056K
  class space    used 1854K, capacity 1978K, committed 2048K, reserved 1048576K
Heap Regions: E=young(eden), S=young(survivor), O=old, HS=humongous(starts), HC=humongous(continues), CS=collection set, F=free, A=archive, TS=gc time stamp, AC=allocation context, TAMS=top-at-mark-start (previous, next)
|   0|0x00000000c6000000, 0x00000000c6100000, 0x00000000c6100000|100%| O|  |TS  0|AC  0|TAMS 0x00000000c6100000, 0x00000000c6100000|
|   1|0x00000000c6100000, 0x00000000c6200000, 0x00000000c6200000|100%| O|  |TS  0|AC  0|TAMS 0x00000000c6200000, 0x00000000c6200000|
|   2|0x00000000c6200000, 0x00000000c6300000, 0x00000000c6300000|100%| O|  |TS  0|AC  0|TAMS 0x00000000c6300000, 0x00000000c6300000|
|   3|0x00000000c6300000, 0x00000000c6400000, 0x00000000c6400000|100%| O|  |TS  0|AC  0|TAMS 0x00000000c6400000, 0x00000000c6400000|
|   4|0x00000000c6400000, 0x00000000c6500000, 0x00000000c6500000|100%| O|  |TS  0|AC  0|TAMS 0x00000000c6500000, 0x00000000c6500000|
|   5|0x00000000c6500000, 0x00000000c6600000, 0x00000000c6600000|100%| O|  |TS  0|AC  0|TAMS 0x00000000c6600000, 0x00000000c6600000|
|   6|0x00000000c6600000, 0x00000000c6700000, 0x00000000c6700000|100%| O|  |TS  0|AC  0|TAMS 0x00000000c6700000, 0x00000000c6700000|
|   7|0x00000000c6700000, 0x00000000c6800000, 0x00000000c6800000|100%| O|  |TS  0|AC  0|TAMS 0x00000000c6800000, 0x00000000c6800000|
|   8|0x00000000c6800000, 0x00000000c6900000, 0x00000000c6900000|100%| O|  |TS  0|AC  0|TAMS 0x00000000c6900000, 0x00000000c6900000|
|   9|0x00000000c6900000, 0x00000000c6a00000, 0x00000000c6a00000|100%| O|  |TS  0|AC  0|TAMS 0x00000000c6a00000, 0x00000000c6a00000|
|  10|0x00000000c6a00000, 0x00000000c6b00000, 0x00000000c6b00000|100%| O|  |TS  0|AC  0|TAMS 0x00000000c6b00000, 0x00000000c6b00000|
|  11|0x00000000c6b00000, 0x00000000c6c00000, 0x00000000c6c00000|100%| O|  |TS  0|AC  0|TAMS 0x00000000c6c00000, 0x00000000c6c00000|
|  12|0x00000000c6c00000, 0x00000000c6d00000, 0x00000000c6d00000|100%| O|  |TS 17|AC  0|TAMS 0x00000000c6c94a00, 0x00000000c6c94a00|
|  13|0x00000000c6d00000, 0x00000000c6e00000, 0x00000000c6e00000|100%| O|  |TS 35|AC  0|TAMS 0x00000000c6d00000, 0x00000000c6d00000|
|  14|0x00000000c6e00000, 0x00000000c6f00000, 0x00000000c6f00000|100%|HS|  |TS  0|AC  0|TAMS 0x00000000c6e00000, 0x00000000c6e00000|
|  15|0x00000000c6f00000, 0x00000000c7000000, 0x00000000c7000000|100%| O|  |TS 35|AC  0|TAMS 0x00000000c6f00000, 0x00000000c6f00000|
|  16|0x00000000c7000000, 0x00000000c7100000, 0x00000000c7100000|100%| O|  |TS 35|AC  0|TAMS 0x00000000c7000000, 0x00000000c7000000|
|  17|0x00000000c7100000, 0x00000000c7200000, 0x00000000c7200000|100%| O|  |TS 35|AC  0|TAMS 0x00000000c7100000, 0x00000000c7100000|
|  18|0x00000000c7200000, 0x00000000c72f3400, 0x00000000c7300000| 95%| O|  |TS 61|AC  0|TAMS 0x00000000c7200000, 0x00000000c7200000|
|  19|0x00000000c7300000, 0x00000000c7300000, 0x00000000c7400000|  0%| F|  |TS 35|AC  0|TAMS 0x00000000c7300000, 0x00000000c7300000|
|  20|0x00000000c7400000, 0x00000000c7400000, 0x00000000c7500000|  0%| F|  |TS 35|AC  0|TAMS 0x00000000c7400000, 0x00000000c7400000|
|  21|0x00000000c7500000, 0x00000000c7500000, 0x00000000c7600000|  0%| F|  |TS 35|AC  0|TAMS 0x00000000c7500000, 0x00000000c7500000|
|  22|0x00000000c7600000, 0x00000000c7600000, 0x00000000c7700000|  0%| F|  |TS 33|AC  0|TAMS 0x00000000c7600000, 0x00000000c7600000|
|  23|0x00000000c7700000, 0x00000000c7700000, 0x00000000c7800000|  0%| F|  |TS 35|AC  0|TAMS 0x00000000c7700000, 0x00000000c7700000|
|  24|0x00000000c7800000, 0x00000000c7800000, 0x00000000c7900000|  0%| F|  |TS 35|AC  0|TAMS 0x00000000c7800000, 0x00000000c7800000|
|  25|0x00000000c7900000, 0x00000000c7900000, 0x00000000c7a00000|  0%| F|  |TS 33|AC  0|TAMS 0x00000000c7900000, 0x00000000c7900000|
|  26|0x00000000c7a00000, 0x00000000c7a00000, 0x00000000c7b00000|  0%| F|  |TS 61|AC  0|TAMS 0x00000000c7a00000, 0x00000000c7a00000|
|  27|0x00000000c7b00000, 0x00000000c7b7ad20, 0x00000000c7c00000| 47%| S|CS|TS 61|AC  0|TAMS 0x00000000c7b00000, 0x00000000c7b00000|
|  28|0x00000000c7c00000, 0x00000000c7c00000, 0x00000000c7d00000|  0%| F|  |TS 61|AC  0|TAMS 0x00000000c7c00000, 0x00000000c7c00000|
|  29|0x00000000c7d00000, 0x00000000c7d00000, 0x00000000c7e00000|  0%| F|  |TS 61|AC  0|TAMS 0x00000000c7d00000, 0x00000000c7d00000|
|  30|0x00000000c7e00000, 0x00000000c7e00000, 0x00000000c7f00000|  0%| F|  |TS 61|AC  0|TAMS 0x00000000c7e00000, 0x00000000c7e00000|
|  31|0x00000000c7f00000, 0x00000000c7f00000, 0x00000000c8000000|  0%| F|  |TS 61|AC  0|TAMS 0x00000000c7f00000, 0x00000000c7f00000|
|  32|0x00000000c8000000, 0x00000000c8000000, 0x00000000c8100000|  0%| F|  |TS 61|AC  0|TAMS 0x00000000c8000000, 0x00000000c8000000|
|  33|0x00000000c8100000, 0x00000000c8100000, 0x00000000c8200000|  0%| F|  |TS 61|AC  0|TAMS 0x00000000c8100000, 0x00000000c8100000|
|  34|0x00000000c8200000, 0x00000000c8200000, 0x00000000c8300000|  0%| F|  |TS 61|AC  0|TAMS 0x00000000c8200000, 0x00000000c8200000|
|  35|0x00000000c8300000, 0x00000000c8300000, 0x00000000c8400000|  0%| F|  |TS 61|AC  0|TAMS 0x00000000c8300000, 0x00000000c8300000|
|  36|0x00000000c8400000, 0x00000000c8400000, 0x00000000c8500000|  0%| F|  |TS 61|AC  0|TAMS 0x00000000c8400000, 0x00000000c8400000|
|  37|0x00000000c8500000, 0x00000000c8500000, 0x00000000c8600000|  0%| F|  |TS 61|AC  0|TAMS 0x00000000c8500000, 0x00000000c8500000|
|  38|0x00000000c8600000, 0x00000000c8600000, 0x00000000c8700000|  0%| F|  |TS 61|AC  0|TAMS 0x00000000c8600000, 0x00000000c8600000|
|  39|0x00000000c8700000, 0x00000000c8700000, 0x00000000c8800000|  0%| F|  |TS 61|AC  0|TAMS 0x00000000c8700000, 0x00000000c8700000|
|  40|0x00000000c8800000, 0x00000000c8800000, 0x00000000c8900000|  0%| F|  |TS 61|AC  0|TAMS 0x00000000c8800000, 0x00000000c8800000|
|  41|0x00000000c8900000, 0x00000000c8900000, 0x00000000c8a00000|  0%| F|  |TS 61|AC  0|TAMS 0x00000000c8900000, 0x00000000c8900000|
|  42|0x00000000c8a00000, 0x00000000c8a00000, 0x00000000c8b00000|  0%| F|  |TS 61|AC  0|TAMS 0x00000000c8a00000, 0x00000000c8a00000|
|  43|0x00000000c8b00000, 0x00000000c8b00000, 0x00000000c8c00000|  0%| F|  |TS 61|AC  0|TAMS 0x00000000c8b00000, 0x00000000c8b00000|
|  44|0x00000000c8c00000, 0x00000000c8c00000, 0x00000000c8d00000|  0%| F|  |TS 61|AC  0|TAMS 0x00000000c8c00000, 0x00000000c8c00000|
|  45|0x00000000c8d00000, 0x00000000c8d00000, 0x00000000c8e00000|  0%| F|  |TS 61|AC  0|TAMS 0x00000000c8d00000, 0x00000000c8d00000|
|  46|0x00000000c8e00000, 0x00000000c8e00000, 0x00000000c8f00000|  0%| F|  |TS 61|AC  0|TAMS 0x00000000c8e00000, 0x00000000c8e00000|
|  47|0x00000000c8f00000, 0x00000000c8f00000, 0x00000000c9000000|  0%| F|  |TS 61|AC  0|TAMS 0x00000000c8f00000, 0x00000000c8f00000|
|  48|0x00000000c9000000, 0x00000000c9000000, 0x00000000c9100000|  0%| F|  |TS 61|AC  0|TAMS 0x00000000c9000000, 0x00000000c9000000|
|  49|0x00000000c9100000, 0x00000000c9100000, 0x00000000c9200000|  0%| F|  |TS 61|AC  0|TAMS 0x00000000c9100000, 0x00000000c9100000|
|  50|0x00000000c9200000, 0x00000000c9200000, 0x00000000c9300000|  0%| F|  |TS 61|AC  0|TAMS 0x00000000c9200000, 0x00000000c9200000|
|  51|0x00000000c9300000, 0x00000000c9300000, 0x00000000c9400000|  0%| F|  |TS 61|AC  0|TAMS 0x00000000c9300000, 0x00000000c9300000|
|  52|0x00000000c9400000, 0x00000000c9400000, 0x00000000c9500000|  0%| F|  |TS 61|AC  0|TAMS 0x00000000c9400000, 0x00000000c9400000|
|  53|0x00000000c9500000, 0x00000000c9500000, 0x00000000c9600000|  0%| F|  |TS 61|AC  0|TAMS 0x00000000c9500000, 0x00000000c9500000|
|  54|0x00000000c9600000, 0x00000000c9600000, 0x00000000c9700000|  0%| F|  |TS 61|AC  0|TAMS 0x00000000c9600000, 0x00000000c9600000|
|  55|0x00000000c9700000, 0x00000000c97b3b48, 0x00000000c9800000| 70%| E|  |TS 61|AC  0|TAMS 0x00000000c9700000, 0x00000000c9700000|
|  56|0x00000000c9800000, 0x00000000c9900000, 0x00000000c9900000|100%| E|CS|TS 61|AC  0|TAMS 0x00000000c9800000, 0x00000000c9800000|
|  57|0x00000000c9900000, 0x00000000c9a00000, 0x00000000c9a00000|100%| E|CS|TS 61|AC  0|TAMS 0x00000000c9900000, 0x00000000c9900000|

Card table byte_map: [0x00007fec44285000,0x00007fec44455000] byte_map_base: 0x00007fec43c55000

Marking Bits (Prev, Next): (CMBitMap*) 0x00007fec60064688, (CMBitMap*) 0x00007fec60064650
 Prev Bits: [0x00007fec2e300000, 0x00007fec2f180000)
 Next Bits: [0x00007fec2f180000, 0x00007fec30000000)

Polling page: 0x00007fec66fb8000

CodeHeap 'non-profiled nmethods': size=120036Kb used=4222Kb max_used=4222Kb free=115813Kb
 bounds [0x00007fec4cb99000, 0x00007fec4cfb9000, 0x00007fec540d2000]
CodeHeap 'profiled nmethods': size=120032Kb used=7315Kb max_used=8414Kb free=112716Kb
 bounds [0x00007fec45661000, 0x00007fec45ee1000, 0x00007fec4cb99000]
CodeHeap 'non-nmethods': size=5692Kb used=1291Kb max_used=1401Kb free=4400Kb
 bounds [0x00007fec450d2000, 0x00007fec45342000, 0x00007fec45661000]
 total_blobs=6402 nmethods=3411 adapters=408
 compilation: enabled

Compilation events (10 events):
Event: 3131.875 Thread 0x00007fec6012d800 nmethod 4270 0x00007fec4cfb6b90 code [0x00007fec4cfb6d80, 0x00007fec4cfb70e8]
Event: 3143.081 Thread 0x00007fec6012d800 4273       4       sun.security.x509.X509AttributeName::<init> (55 bytes)
Event: 3143.184 Thread 0x00007fec6012f800 4274   !   3       sun.security.x509.X509CertImpl::getFingerprint (68 bytes)
Event: 3143.227 Thread 0x00007fec6012f800 nmethod 4274 0x00007fec458dc290 code [0x00007fec458dc520, 0x00007fec458dd2f8]
Event: 3143.230 Thread 0x00007fec6012f800 4275       1       sun.security.util.ConstraintsParameters::getCertificate (5 bytes)
Event: 3143.276 Thread 0x00007fec6012f800 nmethod 4275 0x00007fec4cfb7410 code [0x00007fec4cfb75c0, 0x00007fec4cfb76d0]
Event: 3143.286 Thread 0x00007fec6012f800 4277       3       java.lang.Integer::equals (29 bytes)
Event: 3143.329 Thread 0x00007fec6012f800 nmethod 4277 0x00007fec4569ac10 code [0x00007fec4569ade0, 0x00007fec4569b250]
Event: 3143.479 Thread 0x00007fec6012d800 nmethod 4273 0x00007fec4cfb7790 code [0x00007fec4cfb7980, 0x00007fec4cfb8718]
Event: 3143.484 Thread 0x00007fec6012d800 4276 %     4       java.math.MutableBigInteger::mulsub @ 24 (110 bytes)

GC Heap History (10 events):
Event: 2809.664 GC heap before
{Heap before GC invocations=37 (full 0):
 garbage-first heap   total 59392K, used 49614K [0x00000000c6000000, 0x00000000c61001d0, 0x0000000100000000)
  region size 1024K, 30 young (30720K), 1 survivors (1024K)
 Metaspace       used 20953K, capacity 21528K, committed 21760K, reserved 1069056K
  class space    used 1854K, capacity 1978K, committed 2048K, reserved 1048576K
}
Event: 2809.739 GC heap after
{Heap after GC invocations=38 (full 0):
 garbage-first heap   total 59392K, used 20054K [0x00000000c6000000, 0x00000000c61001d0, 0x0000000100000000)
  region size 1024K, 1 young (1024K), 1 survivors (1024K)
 Metaspace       used 20953K, capacity 21528K, committed 21760K, reserved 1069056K
  class space    used 1854K, capacity 1978K, committed 2048K, reserved 1048576K
}
Event: 2894.634 GC heap before
{Heap before GC invocations=38 (full 0):
 garbage-first heap   total 59392K, used 50774K [0x00000000c6000000, 0x00000000c61001d0, 0x0000000100000000)
  region size 1024K, 31 young (31744K), 1 survivors (1024K)
 Metaspace       used 20955K, capacity 21528K, committed 21760K, reserved 1069056K
  class space    used 1854K, capacity 1978K, committed 2048K, reserved 1048576K
}
Event: 2894.642 GC heap after
{Heap after GC invocations=39 (full 0):
 garbage-first heap   total 59392K, used 20307K [0x00000000c6000000, 0x00000000c61001d0, 0x0000000100000000)
  region size 1024K, 1 young (1024K), 1 survivors (1024K)
 Metaspace       used 20955K, capacity 21528K, committed 21760K, reserved 1069056K
  class space    used 1854K, capacity 1978K, committed 2048K, reserved 1048576K
}
Event: 2974.230 GC heap before
{Heap before GC invocations=39 (full 0):
 garbage-first heap   total 59392K, used 51027K [0x00000000c6000000, 0x00000000c61001d0, 0x0000000100000000)
  region size 1024K, 31 young (31744K), 1 survivors (1024K)
 Metaspace       used 20956K, capacity 21528K, committed 21760K, reserved 1069056K
  class space    used 1854K, capacity 1978K, committed 2048K, reserved 1048576K
}
Event: 2974.240 GC heap after
{Heap after GC invocations=40 (full 0):
 garbage-first heap   total 59392K, used 20025K [0x00000000c6000000, 0x00000000c61001d0, 0x0000000100000000)
  region size 1024K, 1 young (1024K), 1 survivors (1024K)
 Metaspace       used 20956K, capacity 21528K, committed 21760K, reserved 1069056K
  class space    used 1854K, capacity 1978K, committed 2048K, reserved 1048576K
}
Event: 3053.606 GC heap before
{Heap before GC invocations=40 (full 0):
 garbage-first heap   total 59392K, used 50745K [0x00000000c6000000, 0x00000000c61001d0, 0x0000000100000000)
  region size 1024K, 31 young (31744K), 1 survivors (1024K)
 Metaspace       used 20961K, capacity 21528K, committed 21760K, reserved 1069056K
  class space    used 1854K, capacity 1978K, committed 2048K, reserved 1048576K
}
Event: 3053.611 GC heap after
{Heap after GC invocations=41 (full 0):
 garbage-first heap   total 59392K, used 20227K [0x00000000c6000000, 0x00000000c61001d0, 0x0000000100000000)
  region size 1024K, 1 young (1024K), 1 survivors (1024K)
 Metaspace       used 20961K, capacity 21528K, committed 21760K, reserved 1069056K
  class space    used 1854K, capacity 1978K, committed 2048K, reserved 1048576K
}
Event: 3134.729 GC heap before
{Heap before GC invocations=41 (full 0):
 garbage-first heap   total 59392K, used 50947K [0x00000000c6000000, 0x00000000c61001d0, 0x0000000100000000)
  region size 1024K, 31 young (31744K), 1 survivors (1024K)
 Metaspace       used 20961K, capacity 21528K, committed 21760K, reserved 1069056K
  class space    used 1854K, capacity 1978K, committed 2048K, reserved 1048576K
}
Event: 3134.733 GC heap after
{Heap after GC invocations=42 (full 0):
 garbage-first heap   total 59392K, used 19896K [0x00000000c6000000, 0x00000000c61001d0, 0x0000000100000000)
  region size 1024K, 1 young (1024K), 1 survivors (1024K)
 Metaspace       used 20961K, capacity 21528K, committed 21760K, reserved 1069056K
  class space    used 1854K, capacity 1978K, committed 2048K, reserved 1048576K
}

Deoptimization events (10 events):
Event: 3063.933 Thread 0x00007fec60014000 Uncommon trap: reason=unhandled action=none pc=0x00007fec4cdf7264 method=javax.crypto.Cipher.checkCipherState()V @ 23 c2
Event: 3089.397 Thread 0x00007fec60014000 Uncommon trap: reason=unhandled action=none pc=0x00007fec4cd8fdfc method=com.sun.crypto.provider.GaloisCounterMode.decryptFinal([BII[BI)I @ 17 c2
Event: 3089.405 Thread 0x00007fec60014000 Uncommon trap: reason=unhandled action=none pc=0x00007fec4ce882d0 method=com.sun.crypto.provider.CipherCore.doFinal([BII[BI)I @ 16 c2
Event: 3095.313 Thread 0x00007fec60703000 Uncommon trap: reason=unhandled action=none pc=0x00007fec4cd8fdfc method=com.sun.crypto.provider.GaloisCounterMode.decryptFinal([BII[BI)I @ 17 c2
Event: 3095.317 Thread 0x00007fec60703000 Uncommon trap: reason=unhandled action=none pc=0x00007fec4ce882d0 method=com.sun.crypto.provider.CipherCore.doFinal([BII[BI)I @ 16 c2
Event: 3113.619 Thread 0x00007fec60014000 Uncommon trap: reason=unhandled action=none pc=0x00007fec4cd8fdfc method=com.sun.crypto.provider.GaloisCounterMode.decryptFinal([BII[BI)I @ 17 c2
Event: 3113.624 Thread 0x00007fec60014000 Uncommon trap: reason=unhandled action=none pc=0x00007fec4ce882d0 method=com.sun.crypto.provider.CipherCore.doFinal([BII[BI)I @ 16 c2
Event: 3114.203 Thread 0x00007fec60014000 Uncommon trap: reason=unhandled action=none pc=0x00007fec4cdf7264 method=javax.crypto.Cipher.checkCipherState()V @ 23 c2
Event: 3114.214 Thread 0x00007fec60014000 Uncommon trap: reason=unhandled action=none pc=0x00007fec4cdf7264 method=javax.crypto.Cipher.checkCipherState()V @ 23 c2
Event: 3143.284 Thread 0x00007fec60014000 Uncommon trap: reason=unhandled action=none pc=0x00007fec4cdf7264 method=javax.crypto.Cipher.checkCipherState()V @ 23 c2

Classes redefined (3 events):
Event: 1617.719 Thread 0x00007fec600fe800 redefined class name=tq.Attblob, count=1
Event: 1859.652 Thread 0x00007fec600fe800 redefined class name=tq.Attblob, count=2
Event: 1907.817 Thread 0x00007fec600fe800 redefined class name=tq.Attblob, count=3

Internal exceptions (10 events):
Event: 1.214 Thread 0x00007fec60014000 Exception <a 'java/lang/NoSuchMethodError'{0x00000000c9785ef0}: method resolution failed> (0x00000000c9785ef0) thrown at [/scratch/opt/mach5/mesos/work_dir/slaves/e72b529e-af37-4c00-b29e-141f3b57348c-S1075/frameworks/1735e8a2-a1db-478c-8104-60c8b0af87dd-0
Event: 1.215 Thread 0x00007fec60014000 Exception <a 'java/lang/NoSuchMethodError'{0x00000000c9789708}: java.lang.invoke.DirectMethodHandle$Holder.invokeStaticInit(Ljava/lang/Object;Ljava/lang/Object;Ljava/lang/Object;Ljava/lang/Object;)I> (0x00000000c9789708) thrown at [/scratch/opt/mach5/meso
Event: 1.217 Thread 0x00007fec60014000 Exception <a 'java/lang/NoSuchMethodError'{0x00000000c9792d60}: java.lang.invoke.DirectMethodHandle$Holder.invokeInterface(Ljava/lang/Object;Ljava/lang/Object;)Ljava/lang/Object;> (0x00000000c9792d60) thrown at [/scratch/opt/mach5/mesos/work_dir/slaves/e7
Event: 1.219 Thread 0x00007fec60014000 Exception <a 'java/lang/IncompatibleClassChangeError'{0x00000000c9795a00}: Found class java.lang.Object, but interface was expected> (0x00000000c9795a00) thrown at [/scratch/opt/mach5/mesos/work_dir/slaves/e72b529e-af37-4c00-b29e-141f3b57348c-S1075/framew
Event: 1.219 Thread 0x00007fec60014000 Exception <a 'java/lang/NoSuchMethodError'{0x00000000c9798e70}: java.lang.invoke.DirectMethodHandle$Holder.invokeStaticInit(Ljava/lang/Object;Ljava/lang/Object;)V> (0x00000000c9798e70) thrown at [/scratch/opt/mach5/mesos/work_dir/slaves/e72b529e-af37-4c00
Event: 1.221 Thread 0x00007fec60014000 Exception <a 'java/lang/NoSuchMethodError'{0x00000000c979e3e0}: java.lang.invoke.DirectMethodHandle$Holder.invokeStaticInit(Ljava/lang/Object;Ljava/lang/Object;)I> (0x00000000c979e3e0) thrown at [/scratch/opt/mach5/mesos/work_dir/slaves/e72b529e-af37-4c00
Event: 1.235 Thread 0x00007fec60014000 Exception <a 'java/lang/NoSuchMethodError'{0x00000000c97d8190}: java.lang.Object.lambda$negate$3(I)Z> (0x00000000c97d8190) thrown at [/scratch/opt/mach5/mesos/work_dir/slaves/e72b529e-af37-4c00-b29e-141f3b57348c-S1075/frameworks/1735e8a2-a1db-478c-8104-60
Event: 6.155 Thread 0x00007fec60014000 Exception <a 'java/lang/NoSuchMethodError'{0x00000000c98b2c10}: java.lang.Object.lambda$union$2(Ljava/util/regex/Pattern$CharPredicate;I)Z> (0x00000000c98b2c10) thrown at [/scratch/opt/mach5/mesos/work_dir/slaves/e72b529e-af37-4c00-b29e-141f3b57348c-S1075
Event: 296.690 Thread 0x00007fec60014000 Implicit null exception at 0x00007fec4ccae478 to 0x00007fec4ccb0045
Event: 1920.021 Thread 0x00007fec60014000 Implicit null exception at 0x00007fec4cd934f3 to 0x00007fec4cd93c11

Events (10 events):
Event: 3143.179 Thread 0x00007fec60014000 DEOPT PACKING pc=0x00007fec45b344cc sp=0x00007fec66f981d0
Event: 3143.179 Thread 0x00007fec60014000 DEOPT UNPACKING pc=0x00007fec4511faab sp=0x00007fec66f97780 mode 1
Event: 3143.179 Thread 0x00007fec60014000 DEOPT PACKING pc=0x00007fec45bd3bec sp=0x00007fec66f98320
Event: 3143.179 Thread 0x00007fec60014000 DEOPT UNPACKING pc=0x00007fec4511faab sp=0x00007fec66f97890 mode 1
Event: 3143.282 Thread 0x00007fec60014000 Uncommon trap: trap_request=0xffffffa7 fr.pc=0x00007fec4cdf7264 relative=0x0000000000000124
Event: 3143.285 Thread 0x00007fec60014000 DEOPT PACKING pc=0x00007fec4cdf7264 sp=0x00007fec66f98880
Event: 3143.287 Thread 0x00007fec60014000 DEOPT UNPACKING pc=0x00007fec4511fc9f sp=0x00007fec66f98838 mode 2
Event: 3143.293 Thread 0x00007fec60014000 DEOPT PACKING pc=0x00007fec45bd25f4 sp=0x00007fec66f988b0
Event: 3143.293 Thread 0x00007fec60014000 DEOPT UNPACKING pc=0x00007fec4511faab sp=0x00007fec66f97d30 mode 1
Event: 3143.460 Thread 0x00007fec60131800 flushing nmethod 0x00007fec459db990


Dynamic libraries:
00400000-00401000 r-xp 00000000 08:01 527734                             /usr/lib/jvm/java-9-oracle/bin/java
00600000-00601000 rw-p 00000000 08:01 527734                             /usr/lib/jvm/java-9-oracle/bin/java
008bc000-008dd000 rw-p 00000000 00:00 0                                  [heap]
c6000000-c9a00000 rw-p 00000000 00:00 0 
c9a00000-100000000 ---p 00000000 00:00 0 
100000000-100200000 rw-p 00000000 00:00 0 
100200000-140000000 ---p 00000000 00:00 0 
7fec04000000-7fec04c9b000 rw-p 00000000 00:00 0 
7fec04c9b000-7fec08000000 ---p 00000000 00:00 0 
7fec08000000-7fec08021000 rw-p 00000000 00:00 0 
7fec08021000-7fec0c000000 ---p 00000000 00:00 0 
7fec0c000000-7fec0c021000 rw-p 00000000 00:00 0 
7fec0c021000-7fec10000000 ---p 00000000 00:00 0 
7fec10000000-7fec13ffe000 rw-p 00000000 00:00 0 
7fec13ffe000-7fec14000000 ---p 00000000 00:00 0 
7fec14000000-7fec14021000 rw-p 00000000 00:00 0 
7fec14021000-7fec18000000 ---p 00000000 00:00 0 
7fec18000000-7fec18021000 rw-p 00000000 00:00 0 
7fec18021000-7fec1c000000 ---p 00000000 00:00 0 
7fec1c000000-7fec1c095000 rw-p 00000000 00:00 0 
7fec1c095000-7fec20000000 ---p 00000000 00:00 0 
7fec20000000-7fec20021000 rw-p 00000000 00:00 0 
7fec20021000-7fec24000000 ---p 00000000 00:00 0 
7fec24189000-7fec242c9000 rw-p 00000000 00:00 0 
7fec242c9000-7fec2438d000 ---p 00000000 00:00 0 
7fec2438d000-7fec2448a000 rw-p 00000000 00:00 0 
7fec2448a000-7fec2448e000 ---p 00000000 00:00 0 
7fec2448e000-7fec2478b000 rw-p 00000000 00:00 0 
7fec2478b000-7fec2498b000 rw-p 00000000 00:00 0 
7fec2498b000-7fec2498f000 ---p 00000000 00:00 0 
7fec2498f000-7fec24c8c000 rw-p 00000000 00:00 0 
7fec24c8c000-7fec24ca3000 r-xp 00000000 08:01 269205                     /lib/x86_64-linux-gnu/libresolv-2.23.so
7fec24ca3000-7fec24ea3000 ---p 00017000 08:01 269205                     /lib/x86_64-linux-gnu/libresolv-2.23.so
7fec24ea3000-7fec24ea4000 r--p 00017000 08:01 269205                     /lib/x86_64-linux-gnu/libresolv-2.23.so
7fec24ea4000-7fec24ea5000 rw-p 00018000 08:01 269205                     /lib/x86_64-linux-gnu/libresolv-2.23.so
7fec24ea5000-7fec24ea7000 rw-p 00000000 00:00 0 
7fec24ea7000-7fec24eac000 r-xp 00000000 08:01 269150                     /lib/x86_64-linux-gnu/libnss_dns-2.23.so
7fec24eac000-7fec250ac000 ---p 00005000 08:01 269150                     /lib/x86_64-linux-gnu/libnss_dns-2.23.so
7fec250ac000-7fec250ad000 r--p 00005000 08:01 269150                     /lib/x86_64-linux-gnu/libnss_dns-2.23.so
7fec250ad000-7fec250ae000 rw-p 00006000 08:01 269150                     /lib/x86_64-linux-gnu/libnss_dns-2.23.so
7fec250ae000-7fec250b0000 r-xp 00000000 08:01 269158                     /lib/x86_64-linux-gnu/libnss_mdns4_minimal.so.2
7fec250b0000-7fec252af000 ---p 00002000 08:01 269158                     /lib/x86_64-linux-gnu/libnss_mdns4_minimal.so.2
7fec252af000-7fec252b0000 r--p 00001000 08:01 269158                     /lib/x86_64-linux-gnu/libnss_mdns4_minimal.so.2
7fec252b0000-7fec252b1000 rw-p 00002000 08:01 269158                     /lib/x86_64-linux-gnu/libnss_mdns4_minimal.so.2
7fec252b1000-7fec254b1000 rw-p 00000000 00:00 0 
7fec254b1000-7fec254ee000 r-xp 00000000 08:01 528690                     /usr/lib/jvm/java-9-oracle/lib/libsunec.so
7fec254ee000-7fec256ee000 ---p 0003d000 08:01 528690                     /usr/lib/jvm/java-9-oracle/lib/libsunec.so
7fec256ee000-7fec256f5000 rw-p 0003d000 08:01 528690                     /usr/lib/jvm/java-9-oracle/lib/libsunec.so
7fec256f5000-7fec25906000 rw-p 00000000 00:00 0 
7fec25906000-7fec25907000 ---p 00000000 00:00 0 
7fec25907000-7fec25a07000 rw-p 00000000 00:00 0 
7fec25a07000-7fec25a0b000 ---p 00000000 00:00 0 
7fec25a0b000-7fec25b08000 rw-p 00000000 00:00 0 
7fec25b08000-7fec25b0c000 ---p 00000000 00:00 0 
7fec25b0c000-7fec25c09000 rw-p 00000000 00:00 0 
7fec25c09000-7fec25c0d000 ---p 00000000 00:00 0 
7fec25c0d000-7fec25d0a000 rw-p 00000000 00:00 0 
7fec25d0a000-7fec25d0e000 ---p 00000000 00:00 0 
7fec25d0e000-7fec25e0b000 rw-p 00000000 00:00 0 
7fec25e0b000-7fec25e0f000 r-xp 00000000 08:01 528702                     /usr/lib/jvm/java-9-oracle/lib/libdt_socket.so
7fec25e0f000-7fec2600e000 ---p 00004000 08:01 528702                     /usr/lib/jvm/java-9-oracle/lib/libdt_socket.so
7fec2600e000-7fec2600f000 rw-p 00003000 08:01 528702                     /usr/lib/jvm/java-9-oracle/lib/libdt_socket.so
7fec2600f000-7fec26013000 ---p 00000000 00:00 0 
7fec26013000-7fec26110000 rw-p 00000000 00:00 0 
7fec26110000-7fec26126000 r-xp 00000000 08:01 528710                     /usr/lib/jvm/java-9-oracle/lib/libnet.so
7fec26126000-7fec26326000 ---p 00016000 08:01 528710                     /usr/lib/jvm/java-9-oracle/lib/libnet.so
7fec26326000-7fec26327000 rw-p 00016000 08:01 528710                     /usr/lib/jvm/java-9-oracle/lib/libnet.so
7fec26327000-7fec26337000 r-xp 00000000 08:01 528707                     /usr/lib/jvm/java-9-oracle/lib/libnio.so
7fec26337000-7fec26537000 ---p 00010000 08:01 528707                     /usr/lib/jvm/java-9-oracle/lib/libnio.so
7fec26537000-7fec26538000 rw-p 00010000 08:01 528707                     /usr/lib/jvm/java-9-oracle/lib/libnio.so
7fec26538000-7fec2653c000 ---p 00000000 00:00 0 
7fec2653c000-7fec26639000 rw-p 00000000 00:00 0 
7fec26639000-7fec2663d000 ---p 00000000 00:00 0 
7fec2663d000-7fec2673a000 rw-p 00000000 00:00 0 
7fec2673a000-7fec2673e000 ---p 00000000 00:00 0 
7fec2673e000-7fec2683b000 rw-p 00000000 00:00 0 
7fec2683b000-7fec2683f000 ---p 00000000 00:00 0 
7fec2683f000-7fec2693c000 rw-p 00000000 00:00 0 
7fec2693c000-7fec272fb000 r--p 00000000 08:01 8473                       /usr/lib/locale/locale-archive
7fec272fb000-7fec272ff000 ---p 00000000 00:00 0 
7fec272ff000-7fec273fc000 rw-p 00000000 00:00 0 
7fec273fc000-7fec27400000 ---p 00000000 00:00 0 
7fec27400000-7fec274fd000 rw-p 00000000 00:00 0 
7fec274fd000-7fec274fe000 ---p 00000000 00:00 0 
7fec274fe000-7fec27dfe000 rw-p 00000000 00:00 0 
7fec27dfe000-7fec28000000 rw-p 00000000 00:00 0 
7fec28000000-7fec28021000 rw-p 00000000 00:00 0 
7fec28021000-7fec2c000000 ---p 00000000 00:00 0 
7fec2c0fe000-7fec2e0fe000 rwxp 00000000 00:00 0 
7fec2e0fe000-7fec2e0ff000 ---p 00000000 00:00 0 
7fec2e0ff000-7fec2e1ff000 rw-p 00000000 00:00 0 
7fec2e1ff000-7fec2e200000 ---p 00000000 00:00 0 
7fec2e200000-7fec2e3e8000 rw-p 00000000 00:00 0 
7fec2e3e8000-7fec2f180000 ---p 00000000 00:00 0 
7fec2f180000-7fec2f268000 rw-p 00000000 00:00 0 
7fec2f268000-7fec30000000 ---p 00000000 00:00 0 
7fec30000000-7fec30021000 rw-p 00000000 00:00 0 
7fec30021000-7fec34000000 ---p 00000000 00:00 0 
7fec34000000-7fec34021000 rw-p 00000000 00:00 0 
7fec34021000-7fec38000000 ---p 00000000 00:00 0 
7fec38000000-7fec3803d000 rw-p 00000000 00:00 0 
7fec3803d000-7fec3c000000 ---p 00000000 00:00 0 
7fec3c000000-7fec3c021000 rw-p 00000000 00:00 0 
7fec3c021000-7fec40000000 ---p 00000000 00:00 0 
7fec40000000-7fec4002e000 rw-p 00000000 00:00 0 
7fec4002e000-7fec44000000 ---p 00000000 00:00 0 
7fec4403f000-7fec440d2000 rw-p 00000000 00:00 0 
7fec440d2000-7fec44285000 ---p 00000000 00:00 0 
7fec44285000-7fec442a2000 rw-p 00000000 00:00 0 
7fec442a2000-7fec44625000 ---p 00000000 00:00 0 
7fec44625000-7fec44642000 rw-p 00000000 00:00 0 
7fec44642000-7fec447f5000 ---p 00000000 00:00 0 
7fec447f5000-7fec447f6000 ---p 00000000 00:00 0 
7fec447f6000-7fec448f6000 rw-p 00000000 00:00 0 
7fec448f6000-7fec448f7000 ---p 00000000 00:00 0 
7fec448f7000-7fec449f7000 rw-p 00000000 00:00 0 
7fec449f7000-7fec449f8000 ---p 00000000 00:00 0 
7fec449f8000-7fec44cfa000 rw-p 00000000 00:00 0 
7fec44cfa000-7fec44cfb000 ---p 00000000 00:00 0 
7fec44cfb000-7fec44dfb000 rw-p 00000000 00:00 0 
7fec44dfb000-7fec44dfc000 ---p 00000000 00:00 0 
7fec44dfc000-7fec44f05000 rw-p 00000000 00:00 0 
7fec44f05000-7fec44fe7000 ---p 00000000 00:00 0 
7fec44fe7000-7fec44ff8000 rw-p 00000000 00:00 0 
7fec44ff8000-7fec450d2000 ---p 00000000 00:00 0 
7fec450d2000-7fec45342000 rwxp 00000000 00:00 0 
7fec45342000-7fec45661000 ---p 00000000 00:00 0 
7fec45661000-7fec45ee1000 rwxp 00000000 00:00 0 
7fec45ee1000-7fec4cb99000 ---p 00000000 00:00 0 
7fec4cb99000-7fec4cfb9000 rwxp 00000000 00:00 0 
7fec4cfc9000-7fec540d2000 ---p 00000000 00:00 0 
7fec540d2000-7fec5f595000 r--s 00000000 08:01 527963                     /usr/lib/jvm/java-9-oracle/lib/modules
7fec5f595000-7fec5f5af000 r-xp 00000000 08:01 528712                     /usr/lib/jvm/java-9-oracle/lib/libjimage.so
7fec5f5af000-7fec5f7ae000 ---p 0001a000 08:01 528712                     /usr/lib/jvm/java-9-oracle/lib/libjimage.so
7fec5f7ae000-7fec5f7b0000 rw-p 00019000 08:01 528712                     /usr/lib/jvm/java-9-oracle/lib/libjimage.so
7fec5f7b0000-7fec5f7c2000 rw-p 00000000 00:00 0 
7fec5f7c2000-7fec5f7c9000 r-xp 00000000 08:01 528810                     /usr/lib/jvm/java-9-oracle/lib/libzip.so
7fec5f7c9000-7fec5f9c8000 ---p 00007000 08:01 528810                     /usr/lib/jvm/java-9-oracle/lib/libzip.so
7fec5f9c8000-7fec5f9c9000 rw-p 00006000 08:01 528810                     /usr/lib/jvm/java-9-oracle/lib/libzip.so
7fec5f9c9000-7fec5f9d4000 r-xp 00000000 08:01 269152                     /lib/x86_64-linux-gnu/libnss_files-2.23.so
7fec5f9d4000-7fec5fbd3000 ---p 0000b000 08:01 269152                     /lib/x86_64-linux-gnu/libnss_files-2.23.so
7fec5fbd3000-7fec5fbd4000 r--p 0000a000 08:01 269152                     /lib/x86_64-linux-gnu/libnss_files-2.23.so
7fec5fbd4000-7fec5fbd5000 rw-p 0000b000 08:01 269152                     /lib/x86_64-linux-gnu/libnss_files-2.23.so
7fec5fbd5000-7fec5fbdb000 rw-p 00000000 00:00 0 
7fec5fbdb000-7fec5fbe6000 r-xp 00000000 08:01 269162                     /lib/x86_64-linux-gnu/libnss_nis-2.23.so
7fec5fbe6000-7fec5fde5000 ---p 0000b000 08:01 269162                     /lib/x86_64-linux-gnu/libnss_nis-2.23.so
7fec5fde5000-7fec5fde6000 r--p 0000a000 08:01 269162                     /lib/x86_64-linux-gnu/libnss_nis-2.23.so
7fec5fde6000-7fec5fde7000 rw-p 0000b000 08:01 269162                     /lib/x86_64-linux-gnu/libnss_nis-2.23.so
7fec5fde7000-7fec5fdfd000 r-xp 00000000 08:01 269146                     /lib/x86_64-linux-gnu/libnsl-2.23.so
7fec5fdfd000-7fec5fffc000 ---p 00016000 08:01 269146                     /lib/x86_64-linux-gnu/libnsl-2.23.so
7fec5fffc000-7fec5fffd000 r--p 00015000 08:01 269146                     /lib/x86_64-linux-gnu/libnsl-2.23.so
7fec5fffd000-7fec5fffe000 rw-p 00016000 08:01 269146                     /lib/x86_64-linux-gnu/libnsl-2.23.so
7fec5fffe000-7fec60000000 rw-p 00000000 00:00 0 
7fec60000000-7fec60b26000 rw-p 00000000 00:00 0 
7fec60b26000-7fec64000000 ---p 00000000 00:00 0 
7fec6403c000-7fec6406d000 rw-p 00000000 00:00 0 
7fec6406d000-7fec64075000 r-xp 00000000 08:01 269148                     /lib/x86_64-linux-gnu/libnss_compat-2.23.so
7fec64075000-7fec64274000 ---p 00008000 08:01 269148                     /lib/x86_64-linux-gnu/libnss_compat-2.23.so
7fec64274000-7fec64275000 r--p 00007000 08:01 269148                     /lib/x86_64-linux-gnu/libnss_compat-2.23.so
7fec64275000-7fec64276000 rw-p 00008000 08:01 269148                     /lib/x86_64-linux-gnu/libnss_compat-2.23.so
7fec64276000-7fec642b1000 r-xp 00000000 08:01 528736                     /usr/lib/jvm/java-9-oracle/lib/libjdwp.so
7fec642b1000-7fec644b0000 ---p 0003b000 08:01 528736                     /usr/lib/jvm/java-9-oracle/lib/libjdwp.so
7fec644b0000-7fec644b1000 rw-p 0003a000 08:01 528736                     /usr/lib/jvm/java-9-oracle/lib/libjdwp.so
7fec644b1000-7fec644b2000 rw-p 00000000 00:00 0 
7fec644b2000-7fec644dd000 r-xp 00000000 08:01 528649                     /usr/lib/jvm/java-9-oracle/lib/libjava.so
7fec644dd000-7fec646dc000 ---p 0002b000 08:01 528649                     /usr/lib/jvm/java-9-oracle/lib/libjava.so
7fec646dc000-7fec646de000 rw-p 0002a000 08:01 528649                     /usr/lib/jvm/java-9-oracle/lib/libjava.so
7fec646de000-7fec646eb000 r-xp 00000000 08:01 527977                     /usr/lib/jvm/java-9-oracle/lib/libverify.so
7fec646eb000-7fec648ea000 ---p 0000d000 08:01 527977                     /usr/lib/jvm/java-9-oracle/lib/libverify.so
7fec648ea000-7fec648ec000 rw-p 0000c000 08:01 527977                     /usr/lib/jvm/java-9-oracle/lib/libverify.so
7fec648ec000-7fec648f3000 r-xp 00000000 08:01 269207                     /lib/x86_64-linux-gnu/librt-2.23.so
7fec648f3000-7fec64af2000 ---p 00007000 08:01 269207                     /lib/x86_64-linux-gnu/librt-2.23.so
7fec64af2000-7fec64af3000 r--p 00006000 08:01 269207                     /lib/x86_64-linux-gnu/librt-2.23.so
7fec64af3000-7fec64af4000 rw-p 00007000 08:01 269207                     /lib/x86_64-linux-gnu/librt-2.23.so
7fec64af4000-7fec64bfc000 r-xp 00000000 08:01 269123                     /lib/x86_64-linux-gnu/libm-2.23.so
7fec64bfc000-7fec64dfb000 ---p 00108000 08:01 269123                     /lib/x86_64-linux-gnu/libm-2.23.so
7fec64dfb000-7fec64dfc000 r--p 00107000 08:01 269123                     /lib/x86_64-linux-gnu/libm-2.23.so
7fec64dfc000-7fec64dfd000 rw-p 00108000 08:01 269123                     /lib/x86_64-linux-gnu/libm-2.23.so
7fec64dfd000-7fec65e11000 r-xp 00000000 08:01 528805                     /usr/lib/jvm/java-9-oracle/lib/server/libjvm.so
7fec65e11000-7fec66011000 ---p 01014000 08:01 528805                     /usr/lib/jvm/java-9-oracle/lib/server/libjvm.so
7fec66011000-7fec660e2000 r--p 01014000 08:01 528805                     /usr/lib/jvm/java-9-oracle/lib/server/libjvm.so
7fec660e2000-7fec66119000 rw-p 010e5000 08:01 528805                     /usr/lib/jvm/java-9-oracle/lib/server/libjvm.so
7fec66119000-7fec66182000 rw-p 00000000 00:00 0 
7fec66182000-7fec66342000 r-xp 00000000 08:01 269053                     /lib/x86_64-linux-gnu/libc-2.23.so
7fec66342000-7fec66542000 ---p 001c0000 08:01 269053                     /lib/x86_64-linux-gnu/libc-2.23.so
7fec66542000-7fec66546000 r--p 001c0000 08:01 269053                     /lib/x86_64-linux-gnu/libc-2.23.so
7fec66546000-7fec66548000 rw-p 001c4000 08:01 269053                     /lib/x86_64-linux-gnu/libc-2.23.so
7fec66548000-7fec6654c000 rw-p 00000000 00:00 0 
7fec6654c000-7fec6654f000 r-xp 00000000 08:01 269077                     /lib/x86_64-linux-gnu/libdl-2.23.so
7fec6654f000-7fec6674e000 ---p 00003000 08:01 269077                     /lib/x86_64-linux-gnu/libdl-2.23.so
7fec6674e000-7fec6674f000 r--p 00002000 08:01 269077                     /lib/x86_64-linux-gnu/libdl-2.23.so
7fec6674f000-7fec66750000 rw-p 00003000 08:01 269077                     /lib/x86_64-linux-gnu/libdl-2.23.so
7fec66750000-7fec6675e000 r-xp 00000000 08:01 527961                     /usr/lib/jvm/java-9-oracle/lib/jli/libjli.so
7fec6675e000-7fec6695e000 ---p 0000e000 08:01 527961                     /usr/lib/jvm/java-9-oracle/lib/jli/libjli.so
7fec6695e000-7fec6695f000 rw-p 0000e000 08:01 527961                     /usr/lib/jvm/java-9-oracle/lib/jli/libjli.so
7fec6695f000-7fec66977000 r-xp 00000000 08:01 269199                     /lib/x86_64-linux-gnu/libpthread-2.23.so
7fec66977000-7fec66b76000 ---p 00018000 08:01 269199                     /lib/x86_64-linux-gnu/libpthread-2.23.so
7fec66b76000-7fec66b77000 r--p 00017000 08:01 269199                     /lib/x86_64-linux-gnu/libpthread-2.23.so
7fec66b77000-7fec66b78000 rw-p 00018000 08:01 269199                     /lib/x86_64-linux-gnu/libpthread-2.23.so
7fec66b78000-7fec66b7c000 rw-p 00000000 00:00 0 
7fec66b7c000-7fec66b95000 r-xp 00000000 08:01 269244                     /lib/x86_64-linux-gnu/libz.so.1.2.8
7fec66b95000-7fec66d94000 ---p 00019000 08:01 269244                     /lib/x86_64-linux-gnu/libz.so.1.2.8
7fec66d94000-7fec66d95000 r--p 00018000 08:01 269244                     /lib/x86_64-linux-gnu/libz.so.1.2.8
7fec66d95000-7fec66d96000 rw-p 00019000 08:01 269244                     /lib/x86_64-linux-gnu/libz.so.1.2.8
7fec66d96000-7fec66dbc000 r-xp 00000000 08:01 269025                     /lib/x86_64-linux-gnu/ld-2.23.so
7fec66dd6000-7fec66ddd000 r--s 00000000 08:01 137366                     /usr/lib/x86_64-linux-gnu/gconv/gconv-modules.cache
7fec66ddd000-7fec66e9a000 rw-p 00000000 00:00 0 
7fec66e9a000-7fec66e9f000 ---p 00000000 00:00 0 
7fec66e9f000-7fec66f9f000 rw-p 00000000 00:00 0 
7fec66fa2000-7fec66fa8000 rw-p 00000000 00:00 0 
7fec66fa8000-7fec66faf000 ---p 00000000 00:00 0 
7fec66faf000-7fec66fb7000 rw-s 00000000 08:01 670618                     /tmp/hsperfdata_root/15794
7fec66fb7000-7fec66fb8000 rw-p 00000000 00:00 0 
7fec66fb8000-7fec66fb9000 r--p 00000000 00:00 0 
7fec66fb9000-7fec66fbb000 rw-p 00000000 00:00 0 
7fec66fbb000-7fec66fbc000 r--p 00025000 08:01 269025                     /lib/x86_64-linux-gnu/ld-2.23.so
7fec66fbc000-7fec66fbd000 rw-p 00026000 08:01 269025                     /lib/x86_64-linux-gnu/ld-2.23.so
7fec66fbd000-7fec66fbe000 rw-p 00000000 00:00 0 
7ffd48b78000-7ffd48b9a000 rw-p 00000000 00:00 0                          [stack]
7ffd48bb6000-7ffd48bb8000 r--p 00000000 00:00 0                          [vvar]
7ffd48bb8000-7ffd48bba000 r-xp 00000000 00:00 0                          [vdso]
ffffffffff600000-ffffffffff601000 r-xp 00000000 00:00 0                  [vsyscall]

VM Arguments:
jvm_args: -agentlib:jdwp=transport=dt_socket,suspend=y,address=localhost:35335 -Dfile.encoding=UTF-8 
java_command: tq.Main
java_class_path (initial): /root/eclipse-workspace/tq/bin:/root/eclipse-workspace/tq/lib/log4j-1.2.17.jar:/root/eclipse-workspace/tq/lib/jsoup-1.11.1.jar:/root/eclipse-workspace/tq/lib/mysql-connector-java-5.1.44/mysql-connector-java-5.1.44-bin.jar:/root/eclipse-workspace/tq/lib/LanguageTool-4.0-SNAPSHOT:/root/eclipse-workspace/tq/lib/LanguageTool-4.0-SNAPSHOT/libs/languagetool-core.jar:/root/eclipse-workspace/tq/lib/LanguageTool-4.0-SNAPSHOT/libs/commons-lang3.jar:/root/eclipse-workspace/tq/lib/LanguageTool-4.0-SNAPSHOT/libs/guava.jar:/root/eclipse-workspace/tq/lib/LanguageTool-4.0-SNAPSHOT/libs/jna.jar:/root/eclipse-workspace/tq/lib/LanguageTool-4.0-SNAPSHOT/libs/morfologik-fsa.jar:/root/eclipse-workspace/tq/lib/LanguageTool-4.0-SNAPSHOT/libs/morfologik-fsa-builders.jar:/root/eclipse-workspace/tq/lib/LanguageTool-4.0-SNAPSHOT/libs/morfologik-speller.jar:/root/eclipse-workspace/tq/lib/LanguageTool-4.0-SNAPSHOT/libs/morfologik-stemming.jar:/root/eclipse-workspace/tq/lib/LanguageTool-4.0-SNAPSHOT/libs/hppc.jar:/root/eclipse-workspace/tq/lib/LanguageTool-4.0-SNAPSHOT/libs/segment.jar:/root/eclipse-workspace/tq/lib/LanguageTool-4.0-SNAPSHOT/libs/commons-logging.jar:/root/eclipse-workspace/tq/lib/LanguageTool-4.0-SNAPSHOT/libs/language-detector.jar:/root/eclipse-workspace/tq/lib/LanguageTool-4.0-SNAPSHOT/libs/jsonic.jar:/root/eclipse-workspace/tq/lib/LanguageTool-4.0-SNAPSHOT/libs/annotations.jar:/root/eclipse-workspace/tq/lib/LanguageTool-4.0-SNAPSHOT/libs/lucene-core.jar:/root/eclipse-workspace/tq/lib/LanguageTool-4.0-SNAPSHOT/libs/lucene-backward-codecs.jar:/root/eclipse-workspace/tq/lib/LanguageTool-4.0-SNAPSHOT/libs/berkeleylm.jar:/root/eclipse-workspace/tq/lib/LanguageTool-4.0-SNAPSHOT/libs/jackson-databind.jar:/root/eclipse-workspace/tq/lib/LanguageTool-4.0-SNAPSHOT/libs/jackson-annotations.jar:/root/eclipse-workspace/tq/lib/LanguageTool-4.0-SNAPSHOT/libs/jackson-core.jar:/root/eclipse-workspace/tq/lib/LanguageTool-4.0-SNAPSHOT/libs/jaxb-api.jar:/root/eclipse-w
Launcher Type: SUN_STANDARD

Logging:
Log output configuration:
#0: stdout all=warning uptime,level,tags
#1: stderr all=off uptime,level,tags

Environment Variables:
JAVA_HOME=/usr/lib/jvm/java-9-oracle
PATH=/home/songdaohan/bin:/home/songdaohan/.local/bin:/usr/local/sbin:/usr/local/bin:/usr/sbin:/usr/bin:/sbin:/bin:/usr/games:/usr/local/games:/snap/bin:/usr/lib/jvm/java-9-oracle/bin:/usr/lib/jvm/java-9-oracle/db/bin
SHELL=/bin/bash
DISPLAY=:0

Signal Handlers:
SIGSEGV: [libjvm.so+0xd4ce90], sa_mask[0]=11111111011111111101111111111110, sa_flags=SA_RESTART|SA_SIGINFO
SIGBUS: [libjvm.so+0xd4ce90], sa_mask[0]=11111111011111111101111111111110, sa_flags=SA_RESTART|SA_SIGINFO
SIGFPE: [libjvm.so+0xd4ce90], sa_mask[0]=11111111011111111101111111111110, sa_flags=SA_RESTART|SA_SIGINFO
SIGPIPE: [libjvm.so+0xb64460], sa_mask[0]=11111111011111111101111111111110, sa_flags=SA_RESTART|SA_SIGINFO
SIGXFSZ: [libjvm.so+0xb64460], sa_mask[0]=11111111011111111101111111111110, sa_flags=SA_RESTART|SA_SIGINFO
SIGILL: [libjvm.so+0xd4ce90], sa_mask[0]=11111111011111111101111111111110, sa_flags=SA_RESTART|SA_SIGINFO
SIGUSR2: [libjvm.so+0xb64320], sa_mask[0]=00100000000000000000000000000000, sa_flags=SA_RESTART|SA_SIGINFO
SIGHUP: [libjvm.so+0xb64530], sa_mask[0]=11111111011111111101111111111110, sa_flags=SA_RESTART|SA_SIGINFO
SIGINT: [libjvm.so+0xb64530], sa_mask[0]=11111111011111111101111111111110, sa_flags=SA_RESTART|SA_SIGINFO
SIGTERM: [libjvm.so+0xb64530], sa_mask[0]=11111111011111111101111111111110, sa_flags=SA_RESTART|SA_SIGINFO
SIGQUIT: [libjvm.so+0xb64530], sa_mask[0]=11111111011111111101111111111110, sa_flags=SA_RESTART|SA_SIGINFO


---------------  S Y S T E M  ---------------

OS:DISTRIB_ID=Ubuntu
DISTRIB_RELEASE=16.04
DISTRIB_CODENAME=xenial
DISTRIB_DESCRIPTION="Ubuntu 16.04.3 LTS"
uname:Linux 4.10.0-38-generic #42~16.04.1-Ubuntu SMP Tue Oct 10 16:32:20 UTC 2017 x86_64
libc:glibc 2.23 NPTL 2.23 
rlimit: STACK 8192k, CORE 0k, NPROC 14647, NOFILE 1048576, AS infinity
load average:2.38 2.16 1.41

/proc/meminfo:
MemTotal:        3794372 kB
MemFree:           87328 kB
MemAvailable:          0 kB
Buffers:             288 kB
Cached:            48364 kB
SwapCached:            0 kB
Active:          3525932 kB
Inactive:          43876 kB
Active(anon):    3522208 kB
Inactive(anon):    39808 kB
Active(file):       3724 kB
Inactive(file):     4068 kB
Unevictable:          40 kB
Mlocked:              40 kB
SwapTotal:             0 kB
SwapFree:              0 kB
Dirty:                 0 kB
Writeback:             0 kB
AnonPages:       3521428 kB
Mapped:            36620 kB
Shmem:             40628 kB
Slab:              54020 kB
SReclaimable:      22472 kB
SUnreclaim:        31548 kB
KernelStack:        9072 kB
PageTables:        39680 kB
NFS_Unstable:          0 kB
Bounce:                0 kB
WritebackTmp:          0 kB
CommitLimit:     1897184 kB
Committed_AS:    5915460 kB
VmallocTotal:   34359738367 kB
VmallocUsed:           0 kB
VmallocChunk:          0 kB
HardwareCorrupted:     0 kB
AnonHugePages:   2463744 kB
ShmemHugePages:        0 kB
ShmemPmdMapped:        0 kB
CmaTotal:              0 kB
CmaFree:               0 kB
HugePages_Total:       0
HugePages_Free:        0
HugePages_Rsvd:        0
HugePages_Surp:        0
Hugepagesize:       2048 kB
DirectMap4k:      163776 kB
DirectMap2M:     3778560 kB


CPU:total 2 (initial active 2) (2 cores per cpu, 1 threads per core) family 6 model 158 stepping 9, cmov, cx8, fxsr, mmx, sse, sse2, sse3, ssse3, sse4.1, sse4.2, popcnt, avx, aes, clmul, 3dnowpref, lzcnt, tsc, tscinvbit
CPU Model and flags from /proc/cpuinfo:
model name	: Intel(R) Core(TM) i5-7300HQ CPU @ 2.50GHz
flags		: fpu vme de pse tsc msr pae mce cx8 apic sep mtrr pge mca cmov pat pse36 clflush mmx fxsr sse sse2 ht syscall nx rdtscp lm constant_tsc rep_good nopl xtopology nonstop_tsc pni pclmulqdq ssse3 cx16 sse4_1 sse4_2 x2apic movbe popcnt aes xsave avx rdrand hypervisor lahf_lm abm 3dnowprefetch rdseed clflushopt

Memory: 4k page, physical 3794372k(85960k free), swap 0k(0k free)

vm_info: Java HotSpot(TM) 64-Bit Server VM (9.0.1+11) for linux-amd64 JRE (9.0.1+11), built on Sep 27 2017 20:48:27 by "mach5one" with gcc 4.9.2

END.
