2017--12--07 22:05:01 (class:tq.Main)-(INFO)  start
 2017--12--07 22:05:08 (class:tq.Main)-(INFO) 23951	update
 2017--12--07 22:06:21 (class:tq.Main)-(INFO)  start
 2017--12--07 22:06:26 (class:tq.Main)-(INFO) 23951	update
 2017--12--07 22:08:47 (class:tq.Main)-(INFO)  start
 2017--12--07 22:08:58 (class:tq.Main)-(INFO) 23951	update
 2017--12--07 22:13:01 (class:tq.Main)-(INFO)  start
 2017--12--07 22:13:08 (class:tq.Main)-(INFO) 23951	update
 2017--12--07 22:16:10 (class:tq.Main)-(INFO)  start
 2017--12--07 22:20:54 (class:tq.Main)-(INFO) 20630	update
 2017--12--07 22:22:21 (class:tq.Main)-(INFO) 23951	update
 2017--12--07 22:23:00 (class:tq.Main)-(INFO)  start
 2017--12--07 22:23:04 (class:tq.Main)-(INFO) 23951	update
 2017--12--07 22:23:07 (class:tq.Main)-(INFO) 24349	update
 2017--12--07 22:23:40 (class:tq.Main)-(INFO)  start
 2017--12--07 22:40:37 (class:tq.Main)-(INFO) 83260	insert
 2017--12--07 22:40:40 (class:db.DBUtils)-(ERROR) 83260 l:7 nl:13 til:2 insert err:java.sql.SQLException: Parameter index out of range (8 > number of parameters, which is 7).
 2017--12--07 22:45:36 (class:tq.Main)-(INFO)  start
 2017--12--07 22:45:46 (class:tq.Main)-(INFO) 83260	insert
 2017--12--07 22:50:33 (class:tq.Main)-(INFO) 83188	insert
 2017--12--07 22:50:51 (class:tq.Main)-(INFO) 83310	insert
 2017--12--07 23:01:33 (class:tq.Main)-(INFO) 83284	insert
 2017--12--07 23:08:58 (class:tq.Main)-(INFO) 83174	insert
 2017--12--07 23:10:15 (class:tq.Main)-(INFO) 83197	insert
 2017--12--07 23:11:22 (class:tq.Main)-(INFO) 83198	insert
 2017--12--07 23:12:23 (class:tq.Main)-(INFO) 83294	insert
 2017--12--07 23:22:27 (class:tq.Main)-(INFO) 83056	insert
 2017--12--07 23:23:38 (class:tq.Main)-(INFO) 83122	insert
 2017--12--07 23:24:47 (class:tq.Main)-(INFO) 83172	insert
 2017--12--07 23:46:45 (class:tq.Main)-(INFO) 83116	insert
 2017--12--07 23:47:48 (class:tq.Main)-(INFO) 83217	insert
 2017--12--07 23:51:47 (class:tq.Main)-(INFO) 83130	insert
 2017--12--07 23:52:49 (class:tq.Main)-(INFO) 83227	insert
 2017--12--07 23:56:39 (class:tq.MyJsoup)-(ERROR) https://gcc.gnu.org/bugzilla/show_bug.cgi?id=38087 jousp err: java.net.SocketTimeoutException: Read timed out
 2017--12--07 23:57:00 (class:tq.Main)-(INFO) 83132	insert
 2017--12--07 23:57:56 (class:tq.Main)-(INFO) 83231	insert
 